Using pre-set license

 COMMAND LINE ARGUMENTS:
/Applications/Unity/Hub/Editor/2020.3.4f1/Unity.app/Contents/MacOS/Unity
-adb2
-batchMode
-noUpm
-name
AssetImportWorker0
-projectPath
/Users/abhishek/ARGameTry
-logFile
Logs/AssetImportWorker0.log
-srvPort
49619
Successfully changed project path to: /Users/abhishek/ARGameTry
/Users/abhishek/ARGameTry
Using Asset Import Pipeline V2.
Refreshing native plugins compatible for Editor in 39.35 ms, found 1 plugins.
Preloading 0 native plugins for Editor in 0.00 ms.
Initialize engine version: 2020.3.4f1 (0abb6314276a)
[Subsystems] Discovering subsystems at path /Applications/Unity/Hub/Editor/2020.3.4f1/Unity.app/Contents/Resources/UnitySubsystems
[Subsystems] Discovering subsystems at path /Users/abhishek/ARGameTry/Assets
GfxDevice: creating device client; threaded=0
2021-08-09 13:27:21.774 Unity[810:25210] iMac preferred device: Intel(R) Iris(TM) Pro Graphics 6200 (low power)
2021-08-09 13:27:21.774 Unity[810:25210] Metal devices available: 1
2021-08-09 13:27:21.774 Unity[810:25210] 0: Intel(R) Iris(TM) Pro Graphics 6200 (low power)
2021-08-09 13:27:21.775 Unity[810:25210] Using device Intel(R) Iris(TM) Pro Graphics 6200 (low power)
Initializing Metal device caps: Intel(R) Iris(TM) Pro Graphics 6200
Initialize mono
Mono path[0] = '/Applications/Unity/Hub/Editor/2020.3.4f1/Unity.app/Contents/Managed'
Mono path[1] = '/Applications/Unity/Hub/Editor/2020.3.4f1/Unity.app/Contents/MonoBleedingEdge/lib/mono/unityjit'
Mono config path = '/Applications/Unity/Hub/Editor/2020.3.4f1/Unity.app/Contents/MonoBleedingEdge/etc'
Using monoOptions --debugger-agent=transport=dt_socket,embedding=1,server=y,suspend=n,address=127.0.0.1:56810
Begin MonoManager ReloadAssembly
Registering precompiled unity dll's ...
Register platform support module: /Applications/Unity/Hub/Editor/2020.3.4f1/Unity.app/Contents/PlaybackEngines/MacStandaloneSupport/UnityEditor.OSXStandalone.Extensions.dll
Registered in 0.000532 seconds.
Native extension for OSXStandalone target not found
Refreshing native plugins compatible for Editor in 37.28 ms, found 1 plugins.
Preloading 0 native plugins for Editor in 0.00 ms.
Mono: successfully reloaded assembly
- Completed reload, in  4.742 seconds
Platform modules already initialized, skipping
Registering precompiled user dll's ...
Registered in 0.000844 seconds.
Begin MonoManager ReloadAssembly
Native extension for OSXStandalone target not found
Refreshing native plugins compatible for Editor in 0.36 ms, found 1 plugins.
Preloading 0 native plugins for Editor in 0.00 ms.
Mono: successfully reloaded assembly
- Completed reload, in  1.158 seconds
Platform modules already initialized, skipping
========================================================================
Worker process is ready to serve import requests
Launching external process: /Applications/Unity/Hub/Editor/2020.3.4f1/Unity.app/Contents/Tools/UnityShaderCompiler
Launched and connected shader compiler UnityShaderCompiler after 0.01 seconds
Refreshing native plugins compatible for Editor in 0.35 ms, found 1 plugins.
Preloading 0 native plugins for Editor in 0.00 ms.
Unloading 1620 Unused Serialized files (Serialized files now loaded: 0)
System memory in use before: 142.6 MB.
System memory in use after: 142.5 MB.

Unloading 15 unused Assets to reduce memory usage. Loaded Objects now: 2069.
Total: 2.271886 ms (FindLiveObjects: 0.243158 ms CreateObjectMapping: 0.060264 ms MarkObjects: 1.841955 ms  DeleteObjects: 0.125234 ms)

========================================================================
Received Import Request.
  path: Assets/Script/GUIManager.cs
  artifactKey: Guid(79e6c10521d624a3ba6c5bfcfcc70bbe) Importer(815301076,1909f56bfc062723c751e8b465ee728b)
Start importing Assets/Script/GUIManager.cs using Guid(79e6c10521d624a3ba6c5bfcfcc70bbe) Importer(815301076,1909f56bfc062723c751e8b465ee728b)  -> (artifact id: '5e7e52a9d51c2a4f52a098cb2a264be6') in 0.668883 seconds
  Import took 0.671892 seconds .

========================================================================
Received Prepare
Registering precompiled user dll's ...
Registered in 0.000674 seconds.
Begin MonoManager ReloadAssembly
Native extension for OSXStandalone target not found
Refreshing native plugins compatible for Editor in 0.37 ms, found 1 plugins.
Preloading 0 native plugins for Editor in 0.00 ms.
Mono: successfully reloaded assembly
- Completed reload, in  1.039 seconds
Platform modules already initialized, skipping
Switching build target platform(2) subTarget(0) extendedPlatform(0) -> platform(13) subTarget(589824) extendedPlatform(0)
Refreshing native plugins compatible for Editor in 0.35 ms, found 1 plugins.
Preloading 0 native plugins for Editor in 0.00 ms.
Unloading 1578 Unused Serialized files (Serialized files now loaded: 0)
System memory in use before: 136.7 MB.
System memory in use after: 136.7 MB.

Unloading 10 unused Assets to reduce memory usage. Loaded Objects now: 2073.
Total: 2.127337 ms (FindLiveObjects: 0.230731 ms CreateObjectMapping: 0.086660 ms MarkObjects: 1.723121 ms  DeleteObjects: 0.085894 ms)

AssetImportParameters requested are different than current active one (requested -> active):
  custom:graphics/normal-map-encoding: 01000000000000000000000000000000 -> 02000000000000000000000000000000
